{"contracts\\DaoShares.sol":{"l":{"17":1,"21":3,"23":3,"24":3,"25":3,"27":3,"29":3},"path":"D:\\Documentos\\Programming\\Vesting\\contracts\\DaoShares.sol","s":{"1":1,"2":3,"3":3,"4":3,"5":3,"6":3,"7":3},"b":{},"f":{"1":1,"2":1,"3":3},"fnMap":{"1":{"name":"constructor","line":14,"loc":{"start":{"line":14,"column":4},"end":{"line":14,"column":45}}},"2":{"name":"getCurrenttokenId","line":16,"loc":{"start":{"line":16,"column":4},"end":{"line":18,"column":4}}},"3":{"name":"mintShares","line":20,"loc":{"start":{"line":20,"column":4},"end":{"line":30,"column":4}}}},"statementMap":{"1":{"start":{"line":17,"column":8},"end":{"line":17,"column":34}},"2":{"start":{"line":21,"column":8},"end":{"line":21,"column":28}},"3":{"start":{"line":23,"column":8},"end":{"line":23,"column":48}},"4":{"start":{"line":24,"column":8},"end":{"line":24,"column":38}},"5":{"start":{"line":25,"column":8},"end":{"line":25,"column":42}},"6":{"start":{"line":27,"column":8},"end":{"line":27,"column":59}},"7":{"start":{"line":29,"column":8},"end":{"line":29,"column":25}}},"branchMap":{}},"contracts\\DaoToken.sol":{"l":{"9":0},"path":"D:\\Documentos\\Programming\\Vesting\\contracts\\DaoToken.sol","s":{"1":0},"b":{},"f":{"1":0},"fnMap":{"1":{"name":"constructor","line":8,"loc":{"start":{"line":8,"column":4},"end":{"line":10,"column":4}}}},"statementMap":{"1":{"start":{"line":9,"column":8},"end":{"line":9,"column":46}}},"branchMap":{}}}